<?xml version="1.0" encoding="UTF-8"?>
<!-- Generated by org.testng.reporters.JUnitReportReporter -->
<testsuite hostname="DESKTOP-NG0PGDE" failures="0" tests="2" name="com.sdet.AppTest" time="0.073" errors="0" timestamp="2022-07-11T16:20:52 GMT-05:00" skipped="0">
  <testcase classname="com.sdet.AppTest" name="testlogin2" time="0.003"/>
  <system-out/>
  <testcase classname="com.sdet.AppTest" name="testlogin1" time="0.070"/>
  <system-out/>
</testsuite> <!-- com.sdet.AppTest -->
