<?xml version="1.0" encoding="UTF-8"?>
<!-- Generated by org.testng.reporters.JUnitReportReporter -->
<testsuite hostname="DESKTOP-NG0PGDE" failures="0" tests="1" name="com.sdet.TC_Login" time="116.286" errors="0" timestamp="2022-07-21T19:18:37 GMT-05:00" skipped="0">
  <testcase classname="com.sdet.TC_Login" name="Login_Test" time="116.286"/>
  <system-out/>
</testsuite> <!-- com.sdet.TC_Login -->
